<?xml version='1.0' encoding='UTF-8' ?>
<testsuite name="com.example.wordsapp.NavigationTests" tests="1" failures="0" errors="0" skipped="0" time="8.896" timestamp="2022-09-02T18:45:14" hostname="localhost">
  <properties>
    <property name="device" value="Pixel_4_XL_API_30(AVD) - 11" />
    <property name="flavor" value="" />
    <property name="project" value=":app" />
  </properties>
  <testcase name="navigate_to_word_nav_component" classname="com.example.wordsapp.NavigationTests" time="6.953" />
</testsuite>